Analysis & Synthesis report for MIPS32
Fri Sep 15 20:26:55 2017
Quartus Prime Version 16.1.0 Build 196 10/24/2016 SJ Lite Edition


---------------------
; Table of Contents ;
---------------------
  1. Legal Notice
  2. Analysis & Synthesis Summary
  3. Analysis & Synthesis Settings
  4. Parallel Compilation
  5. Analysis & Synthesis Messages
  6. Analysis & Synthesis Suppressed Messages



----------------
; Legal Notice ;
----------------
Copyright (C) 2016  Intel Corporation. All rights reserved.
Your use of Intel Corporation's design tools, logic functions 
and other software and tools, and its AMPP partner logic 
functions, and any output files from any of the foregoing 
(including device programming or simulation files), and any 
associated documentation or information are expressly subject 
to the terms and conditions of the Intel Program License 
Subscription Agreement, the Intel Quartus Prime License Agreement,
the Intel MegaCore Function License Agreement, or other 
applicable license agreement, including, without limitation, 
that your use is for the sole purpose of programming logic 
devices manufactured by Intel and sold by Intel or its 
authorized distributors.  Please refer to the applicable 
agreement for further details.



+---------------------------------------------------------------------------+
; Analysis & Synthesis Summary                                              ;
+-----------------------------+---------------------------------------------+
; Analysis & Synthesis Status ; Failed - Fri Sep 15 20:26:55 2017           ;
; Quartus Prime Version       ; 16.1.0 Build 196 10/24/2016 SJ Lite Edition ;
; Revision Name               ; MIPS32                                      ;
; Top-level Entity Name       ; motherboard                                 ;
; Family                      ; Cyclone V                                   ;
; Logic utilization (in ALMs) ; N/A until Partition Merge                   ;
; Total registers             ; N/A until Partition Merge                   ;
; Total pins                  ; N/A until Partition Merge                   ;
; Total virtual pins          ; N/A until Partition Merge                   ;
; Total block memory bits     ; N/A until Partition Merge                   ;
; Total PLLs                  ; N/A until Partition Merge                   ;
; Total DLLs                  ; N/A until Partition Merge                   ;
+-----------------------------+---------------------------------------------+


+---------------------------------------------------------------------------------------------------------------------------+
; Analysis & Synthesis Settings                                                                                             ;
+---------------------------------------------------------------------------------+--------------------+--------------------+
; Option                                                                          ; Setting            ; Default Value      ;
+---------------------------------------------------------------------------------+--------------------+--------------------+
; Device                                                                          ; 5CSEMA5F31C6       ;                    ;
; Top-level entity name                                                           ; motherboard        ; MIPS32             ;
; Family name                                                                     ; Cyclone V          ; Cyclone V          ;
; Use smart compilation                                                           ; Off                ; Off                ;
; Enable parallel Assembler and TimeQuest Timing Analyzer during compilation      ; On                 ; On                 ;
; Enable compact report table                                                     ; Off                ; Off                ;
; Restructure Multiplexers                                                        ; Auto               ; Auto               ;
; MLAB Add Timing Constraints For Mixed-Port Feed-Through Mode Setting Don't Care ; Off                ; Off                ;
; Create Debugging Nodes for IP Cores                                             ; Off                ; Off                ;
; Preserve fewer node names                                                       ; On                 ; On                 ;
; OpenCore Plus hardware evaluation                                               ; Enable             ; Enable             ;
; Verilog Version                                                                 ; Verilog_2001       ; Verilog_2001       ;
; VHDL Version                                                                    ; VHDL_1993          ; VHDL_1993          ;
; State Machine Processing                                                        ; Auto               ; Auto               ;
; Safe State Machine                                                              ; Off                ; Off                ;
; Extract Verilog State Machines                                                  ; On                 ; On                 ;
; Extract VHDL State Machines                                                     ; On                 ; On                 ;
; Ignore Verilog initial constructs                                               ; Off                ; Off                ;
; Iteration limit for constant Verilog loops                                      ; 5000               ; 5000               ;
; Iteration limit for non-constant Verilog loops                                  ; 250                ; 250                ;
; Add Pass-Through Logic to Inferred RAMs                                         ; On                 ; On                 ;
; Infer RAMs from Raw Logic                                                       ; On                 ; On                 ;
; Parallel Synthesis                                                              ; On                 ; On                 ;
; DSP Block Balancing                                                             ; Auto               ; Auto               ;
; NOT Gate Push-Back                                                              ; On                 ; On                 ;
; Power-Up Don't Care                                                             ; On                 ; On                 ;
; Remove Redundant Logic Cells                                                    ; Off                ; Off                ;
; Remove Duplicate Registers                                                      ; On                 ; On                 ;
; Ignore CARRY Buffers                                                            ; Off                ; Off                ;
; Ignore CASCADE Buffers                                                          ; Off                ; Off                ;
; Ignore GLOBAL Buffers                                                           ; Off                ; Off                ;
; Ignore ROW GLOBAL Buffers                                                       ; Off                ; Off                ;
; Ignore LCELL Buffers                                                            ; Off                ; Off                ;
; Ignore SOFT Buffers                                                             ; On                 ; On                 ;
; Limit AHDL Integers to 32 Bits                                                  ; Off                ; Off                ;
; Optimization Technique                                                          ; Balanced           ; Balanced           ;
; Carry Chain Length                                                              ; 70                 ; 70                 ;
; Auto Carry Chains                                                               ; On                 ; On                 ;
; Auto Open-Drain Pins                                                            ; On                 ; On                 ;
; Perform WYSIWYG Primitive Resynthesis                                           ; Off                ; Off                ;
; Auto ROM Replacement                                                            ; On                 ; On                 ;
; Auto RAM Replacement                                                            ; On                 ; On                 ;
; Auto DSP Block Replacement                                                      ; On                 ; On                 ;
; Auto Shift Register Replacement                                                 ; Auto               ; Auto               ;
; Allow Shift Register Merging across Hierarchies                                 ; Auto               ; Auto               ;
; Auto Clock Enable Replacement                                                   ; On                 ; On                 ;
; Strict RAM Replacement                                                          ; Off                ; Off                ;
; Allow Synchronous Control Signals                                               ; On                 ; On                 ;
; Force Use of Synchronous Clear Signals                                          ; Off                ; Off                ;
; Auto Resource Sharing                                                           ; Off                ; Off                ;
; Allow Any RAM Size For Recognition                                              ; Off                ; Off                ;
; Allow Any ROM Size For Recognition                                              ; Off                ; Off                ;
; Allow Any Shift Register Size For Recognition                                   ; Off                ; Off                ;
; Use LogicLock Constraints during Resource Balancing                             ; On                 ; On                 ;
; Ignore translate_off and synthesis_off directives                               ; Off                ; Off                ;
; Timing-Driven Synthesis                                                         ; On                 ; On                 ;
; Report Parameter Settings                                                       ; On                 ; On                 ;
; Report Source Assignments                                                       ; On                 ; On                 ;
; Report Connectivity Checks                                                      ; On                 ; On                 ;
; Ignore Maximum Fan-Out Assignments                                              ; Off                ; Off                ;
; Synchronization Register Chain Length                                           ; 3                  ; 3                  ;
; PowerPlay Power Optimization During Synthesis                                   ; Normal compilation ; Normal compilation ;
; HDL message level                                                               ; Level2             ; Level2             ;
; Suppress Register Optimization Related Messages                                 ; Off                ; Off                ;
; Number of Removed Registers Reported in Synthesis Report                        ; 5000               ; 5000               ;
; Number of Swept Nodes Reported in Synthesis Report                              ; 5000               ; 5000               ;
; Number of Inverted Registers Reported in Synthesis Report                       ; 100                ; 100                ;
; Clock MUX Protection                                                            ; On                 ; On                 ;
; Auto Gated Clock Conversion                                                     ; Off                ; Off                ;
; Block Design Naming                                                             ; Auto               ; Auto               ;
; SDC constraint protection                                                       ; Off                ; Off                ;
; Synthesis Effort                                                                ; Auto               ; Auto               ;
; Shift Register Replacement - Allow Asynchronous Clear Signal                    ; On                 ; On                 ;
; Pre-Mapping Resynthesis Optimization                                            ; Off                ; Off                ;
; Analysis & Synthesis Message Level                                              ; Medium             ; Medium             ;
; Disable Register Merging Across Hierarchies                                     ; Auto               ; Auto               ;
; Resource Aware Inference For Block RAM                                          ; On                 ; On                 ;
; Automatic Parallel Synthesis                                                    ; On                 ; On                 ;
; Partial Reconfiguration Bitstream ID                                            ; Off                ; Off                ;
+---------------------------------------------------------------------------------+--------------------+--------------------+


+------------------------------------------+
; Parallel Compilation                     ;
+----------------------------+-------------+
; Processors                 ; Number      ;
+----------------------------+-------------+
; Number detected on machine ; 8           ;
; Maximum allowed            ; 4           ;
;                            ;             ;
; Average used               ; 1.00        ;
; Maximum used               ; 1           ;
;                            ;             ;
; Usage by Processor         ; % Time Used ;
;     Processor 1            ; 100.0%      ;
+----------------------------+-------------+


+-------------------------------+
; Analysis & Synthesis Messages ;
+-------------------------------+
Info: *******************************************************************
Info: Running Quartus Prime Analysis & Synthesis
    Info: Version 16.1.0 Build 196 10/24/2016 SJ Lite Edition
    Info: Processing started: Fri Sep 15 20:26:45 2017
Info: Command: quartus_map --read_settings_files=on --write_settings_files=off MIPS32 -c MIPS32
Warning (18236): Number of processors has not been specified which may cause overloading on shared machines.  Set the global assignment NUM_PARALLEL_PROCESSORS in your QSF to an appropriate value for best performance.
Info (20030): Parallel compilation is enabled and will use 4 of the 4 processors detected
Info (12021): Found 1 design units, including 1 entities, in source file sumador4.v
    Info (12023): Found entity 1: sumador4 File: D:/Proyectos/Proyecto1_Arqui_I/MIPS32/sumador4.v Line: 21
Info (12021): Found 1 design units, including 1 entities, in source file registro_instruc.v
    Info (12023): Found entity 1: Registro_instruc File: D:/Proyectos/Proyecto1_Arqui_I/MIPS32/Registro_instruc.v Line: 21
Info (12021): Found 1 design units, including 1 entities, in source file pcreg.v
    Info (12023): Found entity 1: PCReg File: D:/Proyectos/Proyecto1_Arqui_I/MIPS32/PCReg.v Line: 21
Error (10759): Verilog HDL error at mux4.v(26): object a declared in a list of port declarations cannot be redeclared within the module body File: D:/Proyectos/Proyecto1_Arqui_I/MIPS32/mux4.v Line: 26
Error (10759): Verilog HDL error at mux4.v(26): object b declared in a list of port declarations cannot be redeclared within the module body File: D:/Proyectos/Proyecto1_Arqui_I/MIPS32/mux4.v Line: 26
Error (10112): Ignored design unit "mux4" at mux4.v(21) due to previous errors File: D:/Proyectos/Proyecto1_Arqui_I/MIPS32/mux4.v Line: 21
Info (12021): Found 0 design units, including 0 entities, in source file mux4.v
Error (10759): Verilog HDL error at mux2.v(26): object a declared in a list of port declarations cannot be redeclared within the module body File: D:/Proyectos/Proyecto1_Arqui_I/MIPS32/mux2.v Line: 26
Error (10759): Verilog HDL error at mux2.v(26): object b declared in a list of port declarations cannot be redeclared within the module body File: D:/Proyectos/Proyecto1_Arqui_I/MIPS32/mux2.v Line: 26
Error (10112): Ignored design unit "mux2" at mux2.v(21) due to previous errors File: D:/Proyectos/Proyecto1_Arqui_I/MIPS32/mux2.v Line: 21
Info (12021): Found 0 design units, including 0 entities, in source file mux2.v
Error (10759): Verilog HDL error at motherboard.v(26): object clk declared in a list of port declarations cannot be redeclared within the module body File: D:/Proyectos/Proyecto1_Arqui_I/MIPS32/motherboard.v Line: 26
Error (10759): Verilog HDL error at motherboard.v(26): object reset declared in a list of port declarations cannot be redeclared within the module body File: D:/Proyectos/Proyecto1_Arqui_I/MIPS32/motherboard.v Line: 26
Error (10759): Verilog HDL error at motherboard.v(39): object read_data declared in a list of port declarations cannot be redeclared within the module body File: D:/Proyectos/Proyecto1_Arqui_I/MIPS32/motherboard.v Line: 39
Error (10759): Verilog HDL error at motherboard.v(61): object result declared in a list of port declarations cannot be redeclared within the module body File: D:/Proyectos/Proyecto1_Arqui_I/MIPS32/motherboard.v Line: 61
Error (10112): Ignored design unit "motherboard" at motherboard.v(21) due to previous errors File: D:/Proyectos/Proyecto1_Arqui_I/MIPS32/motherboard.v Line: 21
Info (12021): Found 0 design units, including 0 entities, in source file motherboard.v
Info (12021): Found 1 design units, including 1 entities, in source file memoriareg.v
    Info (12023): Found entity 1: MemoriaReg File: D:/Proyectos/Proyecto1_Arqui_I/MIPS32/MemoriaReg.v Line: 21
Info (12021): Found 1 design units, including 1 entities, in source file memoriadeco.v
    Info (12023): Found entity 1: MemoriaDeco File: D:/Proyectos/Proyecto1_Arqui_I/MIPS32/MemoriaDeco.v Line: 21
Info (12021): Found 1 design units, including 1 entities, in source file memoria.v
    Info (12023): Found entity 1: Memoria File: D:/Proyectos/Proyecto1_Arqui_I/MIPS32/Memoria.v Line: 21
Info (12021): Found 1 design units, including 1 entities, in source file jumpcalculation.v
    Info (12023): Found entity 1: jumpcalculation File: D:/Proyectos/Proyecto1_Arqui_I/MIPS32/jumpcalculation.v Line: 21
Error (10170): Verilog HDL syntax error at InstruccionReg.v(49) near text: "endmodule";  expecting "end". Check for and fix any syntax errors that appear immediately before or at the specified keyword. The Intel FPGA Knowledge Database contains many articles with specific details on how to resolve this error. Visit the Knowledge Database at https://www.altera.com/support/support-resources/knowledge-base/search.html and search for this specific error message number. File: D:/Proyectos/Proyecto1_Arqui_I/MIPS32/InstruccionReg.v Line: 49
Info (12021): Found 0 design units, including 0 entities, in source file instruccionreg.v
Error (10170): Verilog HDL syntax error at instReg.v(46) near text: "MEMO";  expecting "<=", or "=". Check for and fix any syntax errors that appear immediately before or at the specified keyword. The Intel FPGA Knowledge Database contains many articles with specific details on how to resolve this error. Visit the Knowledge Database at https://www.altera.com/support/support-resources/knowledge-base/search.html and search for this specific error message number. File: D:/Proyectos/Proyecto1_Arqui_I/MIPS32/instReg.v Line: 46
Error (10112): Ignored design unit "instReg" at instReg.v(21) due to previous errors File: D:/Proyectos/Proyecto1_Arqui_I/MIPS32/instReg.v Line: 21
Info (12021): Found 0 design units, including 0 entities, in source file instreg.v
Info (12021): Found 1 design units, including 1 entities, in source file deco7seg.v
    Info (12023): Found entity 1: deco7seg File: D:/Proyectos/Proyecto1_Arqui_I/MIPS32/deco7seg.v Line: 21
Info (12021): Found 1 design units, including 1 entities, in source file controlalu.v
    Info (12023): Found entity 1: ControlAlu File: D:/Proyectos/Proyecto1_Arqui_I/MIPS32/ControlAlu.v Line: 21
Info (12021): Found 1 design units, including 1 entities, in source file control.v
    Info (12023): Found entity 1: Control File: D:/Proyectos/Proyecto1_Arqui_I/MIPS32/Control.v Line: 21
Info (12021): Found 1 design units, including 1 entities, in source file clk1khz.v
    Info (12023): Found entity 1: clk1khz File: D:/Proyectos/Proyecto1_Arqui_I/MIPS32/clk1khz.v Line: 21
Info (12021): Found 1 design units, including 1 entities, in source file binaryconvert.v
    Info (12023): Found entity 1: binaryconvert File: D:/Proyectos/Proyecto1_Arqui_I/MIPS32/binaryconvert.v Line: 21
Info (12021): Found 1 design units, including 1 entities, in source file bcd.v
    Info (12023): Found entity 1: BCD File: D:/Proyectos/Proyecto1_Arqui_I/MIPS32/BCD.v Line: 21
Error (10759): Verilog HDL error at alu.v(23): object a declared in a list of port declarations cannot be redeclared within the module body File: D:/Proyectos/Proyecto1_Arqui_I/MIPS32/alu.v Line: 23
Error (10759): Verilog HDL error at alu.v(23): object b declared in a list of port declarations cannot be redeclared within the module body File: D:/Proyectos/Proyecto1_Arqui_I/MIPS32/alu.v Line: 23
Error (10759): Verilog HDL error at alu.v(24): object ALUop declared in a list of port declarations cannot be redeclared within the module body File: D:/Proyectos/Proyecto1_Arqui_I/MIPS32/alu.v Line: 24
Error (10759): Verilog HDL error at alu.v(24): object shamt declared in a list of port declarations cannot be redeclared within the module body File: D:/Proyectos/Proyecto1_Arqui_I/MIPS32/alu.v Line: 24
Error (10112): Ignored design unit "alu" at alu.v(21) due to previous errors File: D:/Proyectos/Proyecto1_Arqui_I/MIPS32/alu.v Line: 21
Info (12021): Found 0 design units, including 0 entities, in source file alu.v
Info (144001): Generated suppressed messages file D:/Proyectos/Proyecto1_Arqui_I/MIPS32/output_files/MIPS32.map.smsg
Error: Quartus Prime Analysis & Synthesis was unsuccessful. 19 errors, 1 warning
    Error: Peak virtual memory: 654 megabytes
    Error: Processing ended: Fri Sep 15 20:26:55 2017
    Error: Elapsed time: 00:00:10
    Error: Total CPU time (on all processors): 00:00:25


+------------------------------------------+
; Analysis & Synthesis Suppressed Messages ;
+------------------------------------------+
The suppressed messages can be found in D:/Proyectos/Proyecto1_Arqui_I/MIPS32/output_files/MIPS32.map.smsg.


